2026-06-25 15:55:31 - byod_daemon - INFO -    Log Level: INFO
2026-06-25 15:55:31 - byod_daemon - INFO -    Check Interval: 30s
2026-06-25 15:55:31 - byod_daemon - INFO -    Max Retries: 3
2026-06-25 15:55:35 - byod_daemon - INFO - 
======================================================================
2026-06-25 15:55:35 - byod_daemon - INFO - ======================================================================
2026-06-25 15:55:35 - byod_daemon - INFO - Start Time: 2026-06-25 15:55:35
2026-06-25 15:55:35 - byod_daemon - INFO - Check Interval: 30 seconds
2026-06-25 15:55:35 - byod_daemon - INFO - Log File: logs/byod_system.log
2026-06-25 15:55:35 - byod_daemon - INFO - Press Ctrl+C to stop gracefully
2026-06-25 15:55:35 - byod_daemon - INFO - ======================================================================

2026-06-25 15:55:58 - byod_daemon - INFO - Received SIGINT signal. Shutting down gracefully...
2026-06-25 15:56:08 - byod_daemon - INFO -    Log Level: INFO
2026-06-25 15:56:08 - byod_daemon - INFO -    Check Interval: 30s
2026-06-25 15:56:08 - byod_daemon - INFO -    Max Retries: 3
2026-06-25 15:56:11 - byod_daemon - INFO - 
======================================================================
2026-06-25 15:56:11 - byod_daemon - INFO - ======================================================================
2026-06-25 15:56:11 - byod_daemon - INFO - Start Time: 2026-06-25 15:56:11
2026-06-25 15:56:11 - byod_daemon - INFO - Check Interval: 30 seconds
2026-06-25 15:56:11 - byod_daemon - INFO - Log File: logs/byod_system.log
2026-06-25 15:56:11 - byod_daemon - INFO - Press Ctrl+C to stop gracefully
2026-06-25 15:56:11 - byod_daemon - INFO - ======================================================================

2026-06-25 15:57:04 - byod_daemon - INFO - Received SIGINT signal. Shutting down gracefully...
2026-06-25 15:57:08 - byod_daemon - INFO - 🚀 Initializing BYOD Automation Daemon...
2026-06-25 15:57:08 - byod_daemon - INFO - ✅ Configuration validated successfully
2026-06-25 15:57:08 - byod_daemon - INFO -    Log Level: INFO
2026-06-25 15:57:08 - byod_daemon - INFO -    Check Interval: 30s
2026-06-25 15:57:08 - byod_daemon - INFO -    Max Retries: 3
2026-06-25 15:57:11 - byod_daemon - INFO - ✅ Automation engine initialized
2026-06-25 15:57:11 - byod_daemon - INFO - 
======================================================================
2026-06-25 15:57:11 - byod_daemon - INFO - 🚀 BYOD AUTOMATION DAEMON STARTED
2026-06-25 15:57:11 - byod_daemon - INFO - ======================================================================
2026-06-25 15:57:11 - byod_daemon - INFO - Start Time: 2026-06-25 15:57:11
2026-06-25 15:57:11 - byod_daemon - INFO - Check Interval: 30 seconds
2026-06-25 15:57:11 - byod_daemon - INFO - Log File: logs/byod_system.log
2026-06-25 15:57:11 - byod_daemon - INFO - Press Ctrl+C to stop gracefully
2026-06-25 15:57:11 - byod_daemon - INFO - ======================================================================

2026-06-25 16:04:26 - byod_daemon - WARNING - [Cycle 14] Automation took 45.0s (exceeds check_interval of 30s)
2026-06-25 17:03:01 - byod_daemon - WARNING - [Cycle 131] Automation took 35.0s (exceeds check_interval of 30s)
